producer_class	xtools.gsea.GseaPreranked
producer_timestamp	1747672538069
param	rpt_label	my_analysis
param	rnd_seed	timestamp
param	set_min	15
param	zip_report	false
param	create_svgs	false
param	scoring_scheme	weighted
param	rnk	/Users/mikesaint-antoine/GSEA/inputs/gsea_input_PROTECTED.rnk
param	norm	meandiv
param	out	/Users/mikesaint-antoine/gsea_home/output/may19
param	mode	Abs_max_of_probes
param	include_only_symbols	true
param	help	false
param	set_max	500
param	gmx	ftp.broadinstitute.org://pub/gsea/msigdb/human/gene_sets/h.all.v2024.1.Hs.symbols.gmt
param	make_sets	true
param	plot_top_x	20
param	gui	false
param	nperm	1000
param	collapse	No_Collapse

file	/Users/mikesaint-antoine/gsea_home/output/may19/my_analysis.GseaPreranked.1747672538069/index.html
